(-1, -1)    #
(-1, -1)    int
(49, 0)     ID
(-1, -1)    int
(0, 0)      ID
(-1, -1)    int
(32, 0)     ID
(-1, -1)    string
(1, 0)      ID
(1, 0)      ID
(-1, -1)    =
(28, 0)     ID
(32, 0)     ID
(-1, -1)    =
(49, 0)     ID
(49, 0)     ID
(-1, -1)    =
(1, 0)      ID
(0, 0)      ID
(-1, -1)    =
(1, 1)      ID
(-1, -1)    if
(-1, -1)    (
(49, 0)     ID
(-1, -1)    <=
(0, 0)      ID
(-1, -1)    )
(-1, -1)    {
(32, 0)     ID
(-1, -1)    =
(0, 0)      ID
(-1, -1)    }
(-1, -1)    write
(-1, -1)    <<
(32, 0)     ID
(-1, -1)    #
