(-1, -1)    #
(-1, -1)    int
(-1, -1)    int
(0, 0)      b
(-1, -1)    int
(32, 0)     max
(-1, -1)    string
(1, 0)      str
(1, 0)      str
(-1, -1)    =
(32, 0)     max
(-1, -1)    =
(49, 0)     a
(49, 0)     a
(-1, -1)    =
(1, 0)      1
(0, 0)      b
(-1, -1)    =
(1, 1)      10
(-1, -1)    if
(-1, -1)    (
(49, 0)     a
(-1, -1)    <=
(0, 0)      b
(-1, -1)    )
(-1, -1)    {
(32, 0)     max
(-1, -1)    =
(0, 0)      b
(-1, -1)    }
(-1, -1)    write
(-1, -1)    <<
(32, 0)     max
(-1, -1)    #
